mode: atomic
github.com/frantjc/sequence/internal/env/dot_env.go:10.60,12.2 1 0
github.com/frantjc/sequence/internal/env/dot_env.go:14.58,16.16 2 0
github.com/frantjc/sequence/internal/env/dot_env.go:20.2,20.25 1 0
github.com/frantjc/sequence/internal/env/dot_env.go:16.16,18.3 1 0
github.com/frantjc/sequence/internal/env/dot_env.go:23.51,25.16 2 0
github.com/frantjc/sequence/internal/env/dot_env.go:29.2,29.27 1 0
github.com/frantjc/sequence/internal/env/dot_env.go:25.16,27.3 1 0
github.com/frantjc/sequence/internal/env/dot_env.go:32.49,34.16 2 0
github.com/frantjc/sequence/internal/env/dot_env.go:38.2,38.27 1 0
github.com/frantjc/sequence/internal/env/dot_env.go:34.16,36.3 1 0
github.com/frantjc/sequence/internal/env/path.go:12.50,18.21 2 0
github.com/frantjc/sequence/internal/env/path.go:22.2,22.38 1 0
github.com/frantjc/sequence/internal/env/path.go:26.2,26.29 1 0
github.com/frantjc/sequence/internal/env/path.go:35.2,35.18 1 0
github.com/frantjc/sequence/internal/env/path.go:18.21,20.3 1 0
github.com/frantjc/sequence/internal/env/path.go:22.38,24.3 1 0
github.com/frantjc/sequence/internal/env/path.go:26.29,27.26 1 0
github.com/frantjc/sequence/internal/env/path.go:27.26,29.40 2 0
github.com/frantjc/sequence/internal/env/path.go:29.40,31.5 1 0
github.com/frantjc/sequence/internal/env/path.go:38.48,40.16 2 0
github.com/frantjc/sequence/internal/env/path.go:44.2,44.26 1 0
github.com/frantjc/sequence/internal/env/path.go:40.16,42.3 1 0
github.com/frantjc/sequence/internal/env/path.go:47.37,50.2 2 0
github.com/frantjc/sequence/internal/env/convert.go:8.47,10.22 2 3
github.com/frantjc/sequence/internal/env/convert.go:16.2,16.10 1 3
github.com/frantjc/sequence/internal/env/convert.go:10.22,12.49 2 9
github.com/frantjc/sequence/internal/env/convert.go:12.49,14.4 1 3
github.com/frantjc/sequence/internal/env/convert.go:19.44,21.2 1 2
github.com/frantjc/sequence/internal/env/convert.go:23.47,25.22 2 2
github.com/frantjc/sequence/internal/env/convert.go:30.2,30.10 1 2
github.com/frantjc/sequence/internal/env/convert.go:25.22,26.25 1 4
github.com/frantjc/sequence/internal/env/convert.go:26.25,28.4 1 2
github.com/frantjc/sequence/internal/env/convert.go:33.35,35.23 2 1
github.com/frantjc/sequence/internal/env/convert.go:43.2,43.32 1 1
github.com/frantjc/sequence/internal/env/convert.go:35.23,36.15 1 6
github.com/frantjc/sequence/internal/env/convert.go:36.15,38.28 2 3
github.com/frantjc/sequence/internal/env/convert.go:38.28,40.5 1 1
github.com/frantjc/sequence/github/actions/metadata.go:16.60,20.2 3 0
github.com/frantjc/sequence/github/actions/metadata.go:51.55,53.36 2 0
github.com/frantjc/sequence/github/actions/metadata.go:56.2,56.13 1 0
github.com/frantjc/sequence/github/actions/metadata.go:53.36,55.3 1 0
github.com/frantjc/sequence/github/actions/metadata.go:59.39,61.2 1 0
github.com/frantjc/sequence/github/actions/command.go:11.35,17.33 5 1
github.com/frantjc/sequence/github/actions/command.go:26.2,26.42 1 1
github.com/frantjc/sequence/github/actions/command.go:17.33,21.31 4 2
github.com/frantjc/sequence/github/actions/command.go:21.31,23.4 1 1
github.com/frantjc/sequence/github/actions/command_writer.go:15.54,16.54 1 0
github.com/frantjc/sequence/github/actions/command_writer.go:29.2,29.20 1 0
github.com/frantjc/sequence/github/actions/command_writer.go:16.54,17.53 1 0
github.com/frantjc/sequence/github/actions/command_writer.go:17.53,18.39 1 0
github.com/frantjc/sequence/github/actions/command_writer.go:18.39,19.42 1 0
github.com/frantjc/sequence/github/actions/command_writer.go:19.42,21.6 1 0
github.com/frantjc/sequence/github/actions/command_writer.go:23.9,24.53 1 0
github.com/frantjc/sequence/github/actions/command_writer.go:24.53,26.5 1 0
github.com/frantjc/sequence/github/actions/command_writer.go:32.78,34.2 1 0
github.com/frantjc/sequence/github/actions/commands.go:26.39,28.2 1 0
github.com/frantjc/sequence/github/actions/commands.go:30.53,31.33 1 4
github.com/frantjc/sequence/github/actions/commands.go:35.2,36.16 2 4
github.com/frantjc/sequence/github/actions/commands.go:40.2,42.16 3 4
github.com/frantjc/sequence/github/actions/commands.go:46.2,49.16 3 4
github.com/frantjc/sequence/github/actions/commands.go:57.2,58.16 2 4
github.com/frantjc/sequence/github/actions/commands.go:62.2,66.8 1 4
github.com/frantjc/sequence/github/actions/commands.go:31.33,33.3 1 0
github.com/frantjc/sequence/github/actions/commands.go:36.16,38.3 1 0
github.com/frantjc/sequence/github/actions/commands.go:42.16,44.3 1 0
github.com/frantjc/sequence/github/actions/commands.go:49.16,50.46 1 3
github.com/frantjc/sequence/github/actions/commands.go:50.46,51.46 1 4
github.com/frantjc/sequence/github/actions/commands.go:51.46,53.5 1 4
github.com/frantjc/sequence/github/actions/commands.go:58.16,60.3 1 4
github.com/frantjc/sequence/github/actions/commands.go:69.47,71.2 1 0
github.com/frantjc/sequence/github/actions/ctx_opts.go:7.37,8.39 1 0
github.com/frantjc/sequence/github/actions/ctx_opts.go:8.39,9.30 1 0
github.com/frantjc/sequence/github/actions/ctx_opts.go:12.3,14.31 2 0
github.com/frantjc/sequence/github/actions/ctx_opts.go:18.3,20.13 2 0
github.com/frantjc/sequence/github/actions/ctx_opts.go:9.30,11.4 1 0
github.com/frantjc/sequence/github/actions/ctx_opts.go:14.31,16.4 1 0
github.com/frantjc/sequence/github/actions/ctx_opts.go:24.52,25.39 1 0
github.com/frantjc/sequence/github/actions/ctx_opts.go:25.39,26.31 1 0
github.com/frantjc/sequence/github/actions/ctx_opts.go:33.3,33.13 1 0
github.com/frantjc/sequence/github/actions/ctx_opts.go:26.31,28.4 1 0
github.com/frantjc/sequence/github/actions/ctx_opts.go:28.9,29.30 1 0
github.com/frantjc/sequence/github/actions/ctx_opts.go:29.30,31.5 1 0
github.com/frantjc/sequence/github/actions/ctx_opts.go:37.44,38.39 1 0
github.com/frantjc/sequence/github/actions/ctx_opts.go:38.39,39.27 1 0
github.com/frantjc/sequence/github/actions/ctx_opts.go:46.3,46.13 1 0
github.com/frantjc/sequence/github/actions/ctx_opts.go:39.27,41.4 1 0
github.com/frantjc/sequence/github/actions/ctx_opts.go:41.9,42.26 1 0
github.com/frantjc/sequence/github/actions/ctx_opts.go:42.26,44.5 1 0
github.com/frantjc/sequence/github/actions/ctx_opts.go:50.41,51.39 1 0
github.com/frantjc/sequence/github/actions/ctx_opts.go:51.39,52.30 1 0
github.com/frantjc/sequence/github/actions/ctx_opts.go:55.3,59.13 5 0
github.com/frantjc/sequence/github/actions/ctx_opts.go:52.30,54.4 1 0
github.com/frantjc/sequence/github/actions/ctx_opts.go:63.37,64.39 1 0
github.com/frantjc/sequence/github/actions/ctx_opts.go:64.39,65.30 1 0
github.com/frantjc/sequence/github/actions/ctx_opts.go:68.3,69.13 2 0
github.com/frantjc/sequence/github/actions/ctx_opts.go:65.30,67.4 1 0
github.com/frantjc/sequence/github/actions/ctx_opts.go:73.50,74.39 1 0
github.com/frantjc/sequence/github/actions/ctx_opts.go:74.39,75.30 1 0
github.com/frantjc/sequence/github/actions/ctx_opts.go:82.3,82.13 1 0
github.com/frantjc/sequence/github/actions/ctx_opts.go:75.30,77.4 1 0
github.com/frantjc/sequence/github/actions/ctx_opts.go:77.9,78.29 1 0
github.com/frantjc/sequence/github/actions/ctx_opts.go:78.29,80.5 1 0
github.com/frantjc/sequence/github/actions/expand.go:7.59,9.2 1 1
github.com/frantjc/sequence/github/actions/expand.go:11.68,13.30 2 2
github.com/frantjc/sequence/github/actions/expand.go:32.2,32.14 1 2
github.com/frantjc/sequence/github/actions/expand.go:37.2,37.28 1 2
github.com/frantjc/sequence/github/actions/expand.go:13.30,14.18 1 38
github.com/frantjc/sequence/github/actions/expand.go:14.18,15.16 1 10
github.com/frantjc/sequence/github/actions/expand.go:18.4,20.27 3 10
github.com/frantjc/sequence/github/actions/expand.go:28.4,29.13 2 10
github.com/frantjc/sequence/github/actions/expand.go:15.16,17.5 1 2
github.com/frantjc/sequence/github/actions/expand.go:20.28,22.5 0 4
github.com/frantjc/sequence/github/actions/expand.go:22.10,22.25 1 6
github.com/frantjc/sequence/github/actions/expand.go:22.25,25.5 1 4
github.com/frantjc/sequence/github/actions/expand.go:25.10,27.5 1 2
github.com/frantjc/sequence/github/actions/expand.go:32.14,34.3 1 0
github.com/frantjc/sequence/github/actions/expand.go:34.8,34.24 1 2
github.com/frantjc/sequence/github/actions/expand.go:34.24,36.3 1 2
github.com/frantjc/sequence/github/actions/expand.go:40.48,41.9 1 10
github.com/frantjc/sequence/github/actions/expand.go:54.2,54.14 1 4
github.com/frantjc/sequence/github/actions/expand.go:42.18,43.33 1 10
github.com/frantjc/sequence/github/actions/expand.go:43.33,45.43 2 6
github.com/frantjc/sequence/github/actions/expand.go:47.4,47.52 1 6
github.com/frantjc/sequence/github/actions/expand.go:50.4,50.51 1 6
github.com/frantjc/sequence/github/actions/expand.go:45.44,46.5 0 42
github.com/frantjc/sequence/github/actions/expand.go:47.52,49.5 1 0
github.com/frantjc/sequence/github/actions/reference.go:24.36,26.2 1 4
github.com/frantjc/sequence/github/actions/reference.go:28.41,30.2 1 4
github.com/frantjc/sequence/github/actions/reference.go:32.35,34.2 1 2
github.com/frantjc/sequence/github/actions/reference.go:36.38,38.2 1 2
github.com/frantjc/sequence/github/actions/reference.go:40.37,42.18 2 2
github.com/frantjc/sequence/github/actions/reference.go:45.2,45.21 1 2
github.com/frantjc/sequence/github/actions/reference.go:48.2,48.10 1 2
github.com/frantjc/sequence/github/actions/reference.go:42.18,44.3 1 1
github.com/frantjc/sequence/github/actions/reference.go:45.21,47.3 1 2
github.com/frantjc/sequence/github/actions/reference.go:51.58,55.19 3 2
github.com/frantjc/sequence/github/actions/reference.go:63.2,64.19 2 2
github.com/frantjc/sequence/github/actions/reference.go:75.2,75.15 1 2
github.com/frantjc/sequence/github/actions/reference.go:56.9,57.22 1 2
github.com/frantjc/sequence/github/actions/reference.go:58.9,58.9 0 0
github.com/frantjc/sequence/github/actions/reference.go:59.10,60.67 1 0
github.com/frantjc/sequence/github/actions/reference.go:65.12,66.67 1 0
github.com/frantjc/sequence/github/actions/reference.go:67.10,70.20 3 2
github.com/frantjc/sequence/github/actions/reference.go:70.20,72.4 1 1
github.com/frantjc/sequence/github/actions/reference.go:78.41,80.2 1 2
github.com/frantjc/sequence/github/actions/clone.go:13.62,15.2 1 0
github.com/frantjc/sequence/github/actions/clone.go:17.90,21.27 2 0
github.com/frantjc/sequence/github/actions/clone.go:28.2,39.52 5 0
github.com/frantjc/sequence/github/actions/clone.go:52.2,53.16 2 0
github.com/frantjc/sequence/github/actions/clone.go:57.2,58.16 2 0
github.com/frantjc/sequence/github/actions/clone.go:62.2,64.44 3 0
github.com/frantjc/sequence/github/actions/clone.go:73.2,74.16 2 0
github.com/frantjc/sequence/github/actions/clone.go:78.2,78.33 1 0
github.com/frantjc/sequence/github/actions/clone.go:21.27,23.17 2 0
github.com/frantjc/sequence/github/actions/clone.go:23.17,25.4 1 0
github.com/frantjc/sequence/github/actions/clone.go:39.52,41.17 2 0
github.com/frantjc/sequence/github/actions/clone.go:41.17,43.4 1 0
github.com/frantjc/sequence/github/actions/clone.go:44.8,44.23 1 0
github.com/frantjc/sequence/github/actions/clone.go:44.23,47.17 3 0
github.com/frantjc/sequence/github/actions/clone.go:47.17,49.4 1 0
github.com/frantjc/sequence/github/actions/clone.go:53.16,55.3 1 0
github.com/frantjc/sequence/github/actions/clone.go:58.16,60.3 1 0
github.com/frantjc/sequence/github/actions/clone.go:64.44,66.17 2 0
github.com/frantjc/sequence/github/actions/clone.go:66.17,68.4 1 0
github.com/frantjc/sequence/github/actions/clone.go:69.8,69.23 1 0
github.com/frantjc/sequence/github/actions/clone.go:69.23,71.3 1 0
github.com/frantjc/sequence/github/actions/clone.go:74.16,76.3 1 0
github.com/frantjc/sequence/github/actions/types.go:10.34,12.2 1 0
github.com/frantjc/sequence/github/actions/types.go:22.29,24.2 1 0
github.com/frantjc/sequence/github/actions/types.go:35.31,37.2 1 0
github.com/frantjc/sequence/github/actions/ctx.go:26.48,28.19 2 0
github.com/frantjc/sequence/github/actions/ctx.go:69.2,69.11 1 0
github.com/frantjc/sequence/github/actions/ctx.go:28.19,29.18 1 0
github.com/frantjc/sequence/github/actions/ctx.go:30.17,31.21 1 0
github.com/frantjc/sequence/github/actions/ctx.go:34.14,35.21 1 0
github.com/frantjc/sequence/github/actions/ctx.go:40.14,41.21 1 0
github.com/frantjc/sequence/github/actions/ctx.go:44.16,45.21 1 0
github.com/frantjc/sequence/github/actions/ctx.go:50.17,51.21 1 0
github.com/frantjc/sequence/github/actions/ctx.go:54.17,55.21 1 0
github.com/frantjc/sequence/github/actions/ctx.go:60.18,61.21 1 0
github.com/frantjc/sequence/github/actions/ctx.go:31.21,33.5 1 0
github.com/frantjc/sequence/github/actions/ctx.go:35.21,36.43 1 0
github.com/frantjc/sequence/github/actions/ctx.go:36.43,38.6 1 0
github.com/frantjc/sequence/github/actions/ctx.go:41.21,43.5 1 0
github.com/frantjc/sequence/github/actions/ctx.go:45.21,46.45 1 0
github.com/frantjc/sequence/github/actions/ctx.go:46.45,48.6 1 0
github.com/frantjc/sequence/github/actions/ctx.go:51.21,53.5 1 0
github.com/frantjc/sequence/github/actions/ctx.go:55.21,56.46 1 0
github.com/frantjc/sequence/github/actions/ctx.go:56.46,58.6 1 0
github.com/frantjc/sequence/github/actions/ctx.go:61.21,62.47 1 0
github.com/frantjc/sequence/github/actions/ctx.go:62.47,64.6 1 0
github.com/frantjc/sequence/github/actions/ctx.go:100.48,102.19 2 0
github.com/frantjc/sequence/github/actions/ctx.go:153.2,153.11 1 0
github.com/frantjc/sequence/github/actions/ctx.go:102.19,103.18 1 0
github.com/frantjc/sequence/github/actions/ctx.go:104.17,105.19 1 0
github.com/frantjc/sequence/github/actions/ctx.go:106.22,107.23 1 0
github.com/frantjc/sequence/github/actions/ctx.go:108.16,109.18 1 0
github.com/frantjc/sequence/github/actions/ctx.go:110.19,111.20 1 0
github.com/frantjc/sequence/github/actions/ctx.go:112.16,113.18 1 0
github.com/frantjc/sequence/github/actions/ctx.go:114.21,115.22 1 0
github.com/frantjc/sequence/github/actions/ctx.go:116.21,117.22 1 0
github.com/frantjc/sequence/github/actions/ctx.go:118.19,119.20 1 0
github.com/frantjc/sequence/github/actions/ctx.go:120.14,121.16 1 0
github.com/frantjc/sequence/github/actions/ctx.go:122.14,123.16 1 0
github.com/frantjc/sequence/github/actions/ctx.go:124.19,125.20 1 0
github.com/frantjc/sequence/github/actions/ctx.go:126.24,127.37 1 0
github.com/frantjc/sequence/github/actions/ctx.go:128.19,129.29 1 0
github.com/frantjc/sequence/github/actions/ctx.go:130.21,131.23 1 0
github.com/frantjc/sequence/github/actions/ctx.go:132.27,133.28 1 0
github.com/frantjc/sequence/github/actions/ctx.go:134.17,135.18 1 0
github.com/frantjc/sequence/github/actions/ctx.go:136.21,137.34 1 0
github.com/frantjc/sequence/github/actions/ctx.go:138.22,139.35 1 0
github.com/frantjc/sequence/github/actions/ctx.go:140.21,141.31 1 0
github.com/frantjc/sequence/github/actions/ctx.go:142.14,143.16 1 0
github.com/frantjc/sequence/github/actions/ctx.go:144.16,145.18 1 0
github.com/frantjc/sequence/github/actions/ctx.go:146.19,147.21 1 0
github.com/frantjc/sequence/github/actions/ctx.go:148.20,149.22 1 0
github.com/frantjc/sequence/github/actions/ctx.go:170.45,172.19 2 0
github.com/frantjc/sequence/github/actions/ctx.go:207.2,207.11 1 0
github.com/frantjc/sequence/github/actions/ctx.go:172.19,173.18 1 0
github.com/frantjc/sequence/github/actions/ctx.go:174.20,175.21 1 0
github.com/frantjc/sequence/github/actions/ctx.go:183.19,184.21 1 0
github.com/frantjc/sequence/github/actions/ctx.go:202.17,203.19 1 0
github.com/frantjc/sequence/github/actions/ctx.go:175.21,176.20 1 0
github.com/frantjc/sequence/github/actions/ctx.go:177.15,178.27 1 0
github.com/frantjc/sequence/github/actions/ctx.go:179.20,180.32 1 0
github.com/frantjc/sequence/github/actions/ctx.go:184.21,185.41 1 0
github.com/frantjc/sequence/github/actions/ctx.go:185.41,186.23 1 0
github.com/frantjc/sequence/github/actions/ctx.go:186.23,187.22 1 0
github.com/frantjc/sequence/github/actions/ctx.go:188.17,189.19 1 0
github.com/frantjc/sequence/github/actions/ctx.go:190.22,191.24 1 0
github.com/frantjc/sequence/github/actions/ctx.go:192.20,193.25 1 0
github.com/frantjc/sequence/github/actions/ctx.go:193.25,194.42 1 0
github.com/frantjc/sequence/github/actions/ctx.go:194.42,196.10 1 0
github.com/frantjc/sequence/github/actions/ctx.go:216.47,218.19 2 0
github.com/frantjc/sequence/github/actions/ctx.go:233.2,233.11 1 0
github.com/frantjc/sequence/github/actions/ctx.go:218.19,219.18 1 0
github.com/frantjc/sequence/github/actions/ctx.go:220.18,221.21 1 0
github.com/frantjc/sequence/github/actions/ctx.go:226.18,227.20 1 0
github.com/frantjc/sequence/github/actions/ctx.go:228.21,229.23 1 0
github.com/frantjc/sequence/github/actions/ctx.go:221.21,222.40 1 0
github.com/frantjc/sequence/github/actions/ctx.go:222.40,224.6 1 0
github.com/frantjc/sequence/github/actions/ctx.go:244.48,246.19 2 0
github.com/frantjc/sequence/github/actions/ctx.go:261.2,261.11 1 0
github.com/frantjc/sequence/github/actions/ctx.go:246.19,247.18 1 0
github.com/frantjc/sequence/github/actions/ctx.go:248.15,249.17 1 0
github.com/frantjc/sequence/github/actions/ctx.go:250.13,251.24 1 0
github.com/frantjc/sequence/github/actions/ctx.go:252.15,253.26 1 0
github.com/frantjc/sequence/github/actions/ctx.go:254.15,255.17 1 0
github.com/frantjc/sequence/github/actions/ctx.go:256.21,257.22 1 0
github.com/frantjc/sequence/github/actions/ctx.go:264.36,284.2 2 0
github.com/frantjc/sequence/github/actions/ctx.go:286.99,292.27 2 0
github.com/frantjc/sequence/github/actions/ctx.go:299.2,300.16 2 0
github.com/frantjc/sequence/github/actions/ctx.go:304.2,305.16 2 0
github.com/frantjc/sequence/github/actions/ctx.go:309.2,310.71 2 0
github.com/frantjc/sequence/github/actions/ctx.go:318.2,318.27 1 0
github.com/frantjc/sequence/github/actions/ctx.go:325.2,325.41 1 0
github.com/frantjc/sequence/github/actions/ctx.go:342.2,342.56 1 0
github.com/frantjc/sequence/github/actions/ctx.go:350.2,350.56 1 0
github.com/frantjc/sequence/github/actions/ctx.go:360.2,360.15 1 0
github.com/frantjc/sequence/github/actions/ctx.go:292.27,294.17 2 0
github.com/frantjc/sequence/github/actions/ctx.go:294.17,296.4 1 0
github.com/frantjc/sequence/github/actions/ctx.go:300.16,302.3 1 0
github.com/frantjc/sequence/github/actions/ctx.go:305.16,307.3 1 0
github.com/frantjc/sequence/github/actions/ctx.go:310.71,313.3 2 0
github.com/frantjc/sequence/github/actions/ctx.go:313.8,316.3 2 0
github.com/frantjc/sequence/github/actions/ctx.go:318.27,321.3 2 0
github.com/frantjc/sequence/github/actions/ctx.go:321.8,323.3 1 0
github.com/frantjc/sequence/github/actions/ctx.go:325.41,327.39 2 0
github.com/frantjc/sequence/github/actions/ctx.go:327.39,328.37 1 0
github.com/frantjc/sequence/github/actions/ctx.go:328.37,330.19 2 0
github.com/frantjc/sequence/github/actions/ctx.go:330.19,336.11 3 0
github.com/frantjc/sequence/github/actions/ctx.go:342.56,348.3 4 0
github.com/frantjc/sequence/github/actions/ctx.go:350.56,351.42 1 0
github.com/frantjc/sequence/github/actions/ctx.go:351.42,353.18 2 0
github.com/frantjc/sequence/github/actions/ctx.go:353.18,355.10 1 0
github.com/frantjc/sequence/github/actions/ctx.go:363.52,400.33 4 0
github.com/frantjc/sequence/github/actions/ctx.go:404.2,404.12 1 0
github.com/frantjc/sequence/github/actions/ctx.go:400.33,402.3 1 0
github.com/frantjc/sequence/github/actions/ctx.go:407.43,409.2 1 0
github.com/frantjc/sequence/github/actions/clone_opts.go:16.36,21.2 1 0
github.com/frantjc/sequence/github/actions/clone_opts.go:25.34,26.35 1 0
github.com/frantjc/sequence/github/actions/clone_opts.go:26.35,29.3 2 0
github.com/frantjc/sequence/github/actions/clone_opts.go:32.39,33.35 1 0
github.com/frantjc/sequence/github/actions/clone_opts.go:33.35,37.3 3 0
github.com/frantjc/sequence/github/actions/clone_opts.go:40.40,43.2 2 0
github.com/frantjc/sequence/workflow/job_executor.go:17.64,36.27 2 0
github.com/frantjc/sequence/workflow/job_executor.go:42.2,42.16 1 0
github.com/frantjc/sequence/workflow/job_executor.go:36.27,37.33 1 0
github.com/frantjc/sequence/workflow/job_executor.go:37.33,39.4 1 0
github.com/frantjc/sequence/workflow/job_executor.go:88.56,89.31 1 0
github.com/frantjc/sequence/workflow/job_executor.go:124.2,124.28 1 0
github.com/frantjc/sequence/workflow/job_executor.go:131.2,131.30 1 0
github.com/frantjc/sequence/workflow/job_executor.go:138.2,138.30 1 0
github.com/frantjc/sequence/workflow/job_executor.go:145.2,145.12 1 0
github.com/frantjc/sequence/workflow/job_executor.go:89.31,90.28 1 0
github.com/frantjc/sequence/workflow/job_executor.go:90.28,101.55 2 0
github.com/frantjc/sequence/workflow/job_executor.go:101.55,103.5 1 0
github.com/frantjc/sequence/workflow/job_executor.go:104.9,121.4 1 0
github.com/frantjc/sequence/workflow/job_executor.go:124.28,125.45 1 0
github.com/frantjc/sequence/workflow/job_executor.go:128.3,128.19 1 0
github.com/frantjc/sequence/workflow/job_executor.go:125.45,127.4 1 0
github.com/frantjc/sequence/workflow/job_executor.go:131.30,132.46 1 0
github.com/frantjc/sequence/workflow/job_executor.go:135.3,135.19 1 0
github.com/frantjc/sequence/workflow/job_executor.go:132.46,134.4 1 0
github.com/frantjc/sequence/workflow/job_executor.go:138.30,139.46 1 0
github.com/frantjc/sequence/workflow/job_executor.go:142.3,142.19 1 0
github.com/frantjc/sequence/workflow/job_executor.go:139.46,141.4 1 0
github.com/frantjc/sequence/workflow/job_executor.go:148.38,151.2 2 0
github.com/frantjc/sequence/workflow/job_executor.go:153.78,155.22 2 0
github.com/frantjc/sequence/workflow/job_executor.go:158.2,158.10 1 0
github.com/frantjc/sequence/workflow/job_executor.go:155.22,157.3 1 0
github.com/frantjc/sequence/workflow/job_executor.go:161.60,163.22 2 0
github.com/frantjc/sequence/workflow/job_executor.go:166.2,166.10 1 0
github.com/frantjc/sequence/workflow/job_executor.go:163.22,165.3 1 0
github.com/frantjc/sequence/workflow/job_executor.go:169.53,171.2 1 0
github.com/frantjc/sequence/workflow/job_executor.go:173.52,175.2 1 0
github.com/frantjc/sequence/workflow/job_executor.go:177.44,189.2 1 0
github.com/frantjc/sequence/workflow/job_executor.go:191.51,193.2 1 0
github.com/frantjc/sequence/workflow/job_executor.go:195.50,197.2 1 0
github.com/frantjc/sequence/workflow/job_executor.go:199.42,201.2 1 0
github.com/frantjc/sequence/workflow/job_executor.go:203.43,205.2 1 0
github.com/frantjc/sequence/workflow/job_executor.go:207.48,209.2 1 0
github.com/frantjc/sequence/workflow/job_executor.go:211.67,213.2 1 0
github.com/frantjc/sequence/workflow/job_executor.go:226.49,250.2 1 0
github.com/frantjc/sequence/workflow/job_executor.go:252.50,253.62 1 0
github.com/frantjc/sequence/workflow/job_executor.go:257.2,257.41 1 0
github.com/frantjc/sequence/workflow/job_executor.go:261.2,261.24 1 0
github.com/frantjc/sequence/workflow/job_executor.go:253.62,255.3 1 0
github.com/frantjc/sequence/workflow/job_executor.go:257.41,259.3 1 0
github.com/frantjc/sequence/workflow/workflow.go:11.58,13.16 2 0
github.com/frantjc/sequence/workflow/workflow.go:17.2,17.33 1 0
github.com/frantjc/sequence/workflow/workflow.go:13.16,15.3 1 0
github.com/frantjc/sequence/workflow/workflow.go:20.60,24.2 3 1
github.com/frantjc/sequence/workflow/workflow.go:31.54,32.33 1 0
github.com/frantjc/sequence/workflow/workflow.go:35.2,35.66 1 0
github.com/frantjc/sequence/workflow/workflow.go:32.33,34.3 1 0
github.com/frantjc/sequence/workflow/workflow.go:38.54,39.29 1 0
github.com/frantjc/sequence/workflow/workflow.go:44.2,44.63 1 0
github.com/frantjc/sequence/workflow/workflow.go:39.29,40.47 1 0
github.com/frantjc/sequence/workflow/workflow.go:40.47,42.4 1 0
github.com/frantjc/sequence/workflow/executor_opts.go:13.70,14.36 1 0
github.com/frantjc/sequence/workflow/executor_opts.go:14.36,15.33 1 0
github.com/frantjc/sequence/workflow/executor_opts.go:21.3,23.13 2 0
github.com/frantjc/sequence/workflow/executor_opts.go:15.33,16.45 1 0
github.com/frantjc/sequence/workflow/executor_opts.go:16.45,18.5 1 0
github.com/frantjc/sequence/workflow/executor_opts.go:27.48,28.42 1 0
github.com/frantjc/sequence/workflow/executor_opts.go:28.42,31.3 2 0
github.com/frantjc/sequence/workflow/executor_opts.go:34.43,35.36 1 0
github.com/frantjc/sequence/workflow/executor_opts.go:35.36,38.3 2 0
github.com/frantjc/sequence/workflow/executor_opts.go:41.43,42.36 1 0
github.com/frantjc/sequence/workflow/executor_opts.go:42.36,45.3 2 0
github.com/frantjc/sequence/workflow/executor_opts.go:48.50,49.36 1 0
github.com/frantjc/sequence/workflow/executor_opts.go:49.36,52.3 2 0
github.com/frantjc/sequence/workflow/executor_opts.go:55.44,56.36 1 0
github.com/frantjc/sequence/workflow/executor_opts.go:56.36,60.3 3 0
github.com/frantjc/sequence/workflow/executor_opts.go:63.53,64.36 1 0
github.com/frantjc/sequence/workflow/executor_opts.go:64.36,65.29 1 0
github.com/frantjc/sequence/workflow/executor_opts.go:68.3,69.13 2 0
github.com/frantjc/sequence/workflow/executor_opts.go:65.29,67.4 1 0
github.com/frantjc/sequence/workflow/executor_opts.go:73.30,74.36 1 0
github.com/frantjc/sequence/workflow/executor_opts.go:74.36,75.47 1 0
github.com/frantjc/sequence/workflow/executor_opts.go:79.3,79.19 1 0
github.com/frantjc/sequence/workflow/executor_opts.go:84.3,84.13 1 0
github.com/frantjc/sequence/workflow/executor_opts.go:75.47,77.4 1 0
github.com/frantjc/sequence/workflow/executor_opts.go:79.19,82.4 2 0
github.com/frantjc/sequence/workflow/executor_opts.go:88.40,91.2 2 0
github.com/frantjc/sequence/workflow/executor_opts.go:93.45,94.36 1 0
github.com/frantjc/sequence/workflow/executor_opts.go:94.36,97.3 2 0
github.com/frantjc/sequence/workflow/executor_opts.go:100.47,101.42 1 1
github.com/frantjc/sequence/workflow/executor_opts.go:101.42,104.3 2 0
github.com/frantjc/sequence/workflow/executor_opts.go:109.42,110.36 1 0
github.com/frantjc/sequence/workflow/executor_opts.go:110.36,113.3 2 0
github.com/frantjc/sequence/workflow/github_action.go:31.40,32.16 1 0
github.com/frantjc/sequence/workflow/github_action.go:38.2,38.15 1 0
github.com/frantjc/sequence/workflow/github_action.go:32.16,34.3 1 0
github.com/frantjc/sequence/workflow/github_action.go:34.8,34.25 1 0
github.com/frantjc/sequence/workflow/github_action.go:34.25,36.3 1 0
github.com/frantjc/sequence/workflow/github_action.go:41.80,58.16 4 0
github.com/frantjc/sequence/workflow/github_action.go:62.2,80.36 3 0
github.com/frantjc/sequence/workflow/github_action.go:88.2,90.16 3 0
github.com/frantjc/sequence/workflow/github_action.go:93.2,96.16 3 0
github.com/frantjc/sequence/workflow/github_action.go:100.2,101.93 2 0
github.com/frantjc/sequence/workflow/github_action.go:105.2,106.60 2 0
github.com/frantjc/sequence/workflow/github_action.go:110.2,110.90 1 0
github.com/frantjc/sequence/workflow/github_action.go:258.2,259.31 2 0
github.com/frantjc/sequence/workflow/github_action.go:58.16,60.3 1 0
github.com/frantjc/sequence/workflow/github_action.go:80.36,81.42 1 0
github.com/frantjc/sequence/workflow/github_action.go:81.42,82.57 1 0
github.com/frantjc/sequence/workflow/github_action.go:82.57,84.5 1 0
github.com/frantjc/sequence/workflow/github_action.go:90.16,92.3 1 0
github.com/frantjc/sequence/workflow/github_action.go:96.16,98.3 1 0
github.com/frantjc/sequence/workflow/github_action.go:101.93,103.3 1 0
github.com/frantjc/sequence/workflow/github_action.go:106.60,108.3 1 0
github.com/frantjc/sequence/workflow/github_action.go:110.90,113.75 3 0
github.com/frantjc/sequence/workflow/github_action.go:117.3,117.35 1 0
github.com/frantjc/sequence/workflow/github_action.go:113.75,115.4 1 0
github.com/frantjc/sequence/workflow/github_action.go:117.35,119.18 2 0
github.com/frantjc/sequence/workflow/github_action.go:123.4,123.31 1 0
github.com/frantjc/sequence/workflow/github_action.go:141.4,141.14 1 0
github.com/frantjc/sequence/workflow/github_action.go:119.18,121.5 1 0
github.com/frantjc/sequence/workflow/github_action.go:123.31,124.30 1 0
github.com/frantjc/sequence/workflow/github_action.go:124.30,135.57 2 0
github.com/frantjc/sequence/workflow/github_action.go:135.57,137.7 1 0
github.com/frantjc/sequence/workflow/github_action.go:142.9,151.117 4 0
github.com/frantjc/sequence/workflow/github_action.go:185.4,185.119 1 0
github.com/frantjc/sequence/workflow/github_action.go:220.4,220.119 1 0
github.com/frantjc/sequence/workflow/github_action.go:254.4,254.14 1 0
github.com/frantjc/sequence/workflow/github_action.go:151.117,153.5 1 0
github.com/frantjc/sequence/workflow/github_action.go:153.10,153.29 1 0
github.com/frantjc/sequence/workflow/github_action.go:153.29,170.37 2 0
github.com/frantjc/sequence/workflow/github_action.go:174.5,174.26 1 0
github.com/frantjc/sequence/workflow/github_action.go:182.5,182.41 1 0
github.com/frantjc/sequence/workflow/github_action.go:170.37,172.6 1 0
github.com/frantjc/sequence/workflow/github_action.go:174.26,176.6 1 0
github.com/frantjc/sequence/workflow/github_action.go:176.11,176.35 1 0
github.com/frantjc/sequence/workflow/github_action.go:176.35,178.6 1 0
github.com/frantjc/sequence/workflow/github_action.go:178.11,180.6 1 0
github.com/frantjc/sequence/workflow/github_action.go:185.119,187.5 1 0
github.com/frantjc/sequence/workflow/github_action.go:187.10,187.30 1 0
github.com/frantjc/sequence/workflow/github_action.go:187.30,206.28 2 0
github.com/frantjc/sequence/workflow/github_action.go:210.5,210.37 1 0
github.com/frantjc/sequence/workflow/github_action.go:214.5,214.43 1 0
github.com/frantjc/sequence/workflow/github_action.go:206.28,208.6 1 0
github.com/frantjc/sequence/workflow/github_action.go:210.37,212.6 1 0
github.com/frantjc/sequence/workflow/github_action.go:215.10,218.5 1 0
github.com/frantjc/sequence/workflow/github_action.go:220.119,222.5 1 0
github.com/frantjc/sequence/workflow/github_action.go:222.10,222.30 1 0
github.com/frantjc/sequence/workflow/github_action.go:222.30,239.37 2 0
github.com/frantjc/sequence/workflow/github_action.go:243.5,243.26 1 0
github.com/frantjc/sequence/workflow/github_action.go:251.5,251.60 1 0
github.com/frantjc/sequence/workflow/github_action.go:239.37,241.6 1 0
github.com/frantjc/sequence/workflow/github_action.go:243.26,245.6 1 0
github.com/frantjc/sequence/workflow/github_action.go:245.11,245.35 1 0
github.com/frantjc/sequence/workflow/github_action.go:245.35,247.6 1 0
github.com/frantjc/sequence/workflow/github_action.go:247.11,249.6 1 0
github.com/frantjc/sequence/workflow/job.go:12.48,14.16 2 0
github.com/frantjc/sequence/workflow/job.go:18.2,18.28 1 0
github.com/frantjc/sequence/workflow/job.go:14.16,16.3 1 0
github.com/frantjc/sequence/workflow/job.go:21.50,25.2 3 1
github.com/frantjc/sequence/workflow/job.go:44.49,45.31 1 0
github.com/frantjc/sequence/workflow/job.go:50.2,50.66 1 0
github.com/frantjc/sequence/workflow/job.go:45.31,46.25 1 0
github.com/frantjc/sequence/workflow/job.go:46.25,48.4 1 0
github.com/frantjc/sequence/workflow/regular.go:37.35,38.16 1 0
github.com/frantjc/sequence/workflow/regular.go:42.2,42.15 1 0
github.com/frantjc/sequence/workflow/regular.go:38.16,40.3 1 0
github.com/frantjc/sequence/workflow/regular.go:45.75,77.23 2 0
github.com/frantjc/sequence/workflow/regular.go:80.2,81.26 2 0
github.com/frantjc/sequence/workflow/regular.go:84.2,93.59 3 0
github.com/frantjc/sequence/workflow/regular.go:156.2,156.22 1 0
github.com/frantjc/sequence/workflow/regular.go:162.2,162.26 1 0
github.com/frantjc/sequence/workflow/regular.go:168.2,169.16 2 0
github.com/frantjc/sequence/workflow/regular.go:173.2,173.71 1 0
github.com/frantjc/sequence/workflow/regular.go:177.2,178.16 2 0
github.com/frantjc/sequence/workflow/regular.go:182.2,182.97 1 0
github.com/frantjc/sequence/workflow/regular.go:187.2,187.26 1 0
github.com/frantjc/sequence/workflow/regular.go:191.2,191.24 1 0
github.com/frantjc/sequence/workflow/regular.go:207.2,207.36 1 0
github.com/frantjc/sequence/workflow/regular.go:215.2,259.16 6 0
github.com/frantjc/sequence/workflow/regular.go:262.2,264.23 2 0
github.com/frantjc/sequence/workflow/regular.go:272.2,273.16 2 0
github.com/frantjc/sequence/workflow/regular.go:277.2,284.3 1 0
github.com/frantjc/sequence/workflow/regular.go:77.23,79.3 1 0
github.com/frantjc/sequence/workflow/regular.go:81.26,83.3 1 0
github.com/frantjc/sequence/workflow/regular.go:93.59,94.50 1 0
github.com/frantjc/sequence/workflow/regular.go:103.4,103.44 1 0
github.com/frantjc/sequence/workflow/regular.go:109.4,109.21 1 0
github.com/frantjc/sequence/workflow/regular.go:152.4,152.26 1 0
github.com/frantjc/sequence/workflow/regular.go:94.50,96.19 2 0
github.com/frantjc/sequence/workflow/regular.go:96.19,98.6 1 0
github.com/frantjc/sequence/workflow/regular.go:98.11,100.6 1 0
github.com/frantjc/sequence/workflow/regular.go:103.44,104.13 1 0
github.com/frantjc/sequence/workflow/regular.go:104.13,106.6 1 0
github.com/frantjc/sequence/workflow/regular.go:110.30,111.92 1 0
github.com/frantjc/sequence/workflow/regular.go:112.32,113.91 1 0
github.com/frantjc/sequence/workflow/regular.go:114.31,115.93 1 0
github.com/frantjc/sequence/workflow/regular.go:116.30,117.27 1 0
github.com/frantjc/sequence/workflow/regular.go:120.34,122.27 2 0
github.com/frantjc/sequence/workflow/regular.go:125.37,127.27 2 0
github.com/frantjc/sequence/workflow/regular.go:130.29,131.24 1 0
github.com/frantjc/sequence/workflow/regular.go:136.34,137.25 1 0
github.com/frantjc/sequence/workflow/regular.go:147.12,148.27 1 0
github.com/frantjc/sequence/workflow/regular.go:117.27,119.6 1 0
github.com/frantjc/sequence/workflow/regular.go:122.27,124.6 1 0
github.com/frantjc/sequence/workflow/regular.go:127.27,129.6 1 0
github.com/frantjc/sequence/workflow/regular.go:131.24,133.6 1 0
github.com/frantjc/sequence/workflow/regular.go:133.11,133.32 1 0
github.com/frantjc/sequence/workflow/regular.go:133.32,135.6 1 0
github.com/frantjc/sequence/workflow/regular.go:137.25,139.28 2 0
github.com/frantjc/sequence/workflow/regular.go:139.28,141.7 1 0
github.com/frantjc/sequence/workflow/regular.go:142.11,143.28 1 0
github.com/frantjc/sequence/workflow/regular.go:143.28,145.7 1 0
github.com/frantjc/sequence/workflow/regular.go:148.27,150.6 1 0
github.com/frantjc/sequence/workflow/regular.go:156.22,157.43 1 0
github.com/frantjc/sequence/workflow/regular.go:157.43,159.4 1 0
github.com/frantjc/sequence/workflow/regular.go:162.26,163.35 1 0
github.com/frantjc/sequence/workflow/regular.go:163.35,165.4 1 0
github.com/frantjc/sequence/workflow/regular.go:169.16,171.3 1 0
github.com/frantjc/sequence/workflow/regular.go:173.71,175.3 1 0
github.com/frantjc/sequence/workflow/regular.go:178.16,180.3 1 0
github.com/frantjc/sequence/workflow/regular.go:182.98,185.3 0 0
github.com/frantjc/sequence/workflow/regular.go:187.26,189.3 1 0
github.com/frantjc/sequence/workflow/regular.go:191.24,192.25 1 0
github.com/frantjc/sequence/workflow/regular.go:193.28,194.63 1 0
github.com/frantjc/sequence/workflow/regular.go:195.28,196.61 1 0
github.com/frantjc/sequence/workflow/regular.go:197.11,198.63 1 0
github.com/frantjc/sequence/workflow/regular.go:200.8,203.3 2 0
github.com/frantjc/sequence/workflow/regular.go:207.36,208.42 1 0
github.com/frantjc/sequence/workflow/regular.go:208.42,209.57 1 0
github.com/frantjc/sequence/workflow/regular.go:209.57,211.5 1 0
github.com/frantjc/sequence/workflow/regular.go:259.16,261.3 1 0
github.com/frantjc/sequence/workflow/regular.go:264.23,265.34 1 0
github.com/frantjc/sequence/workflow/regular.go:265.34,266.35 1 0
github.com/frantjc/sequence/workflow/regular.go:266.35,268.5 1 0
github.com/frantjc/sequence/workflow/regular.go:273.16,275.3 1 0
github.com/frantjc/sequence/workflow/step.go:50.31,51.16 1 0
github.com/frantjc/sequence/workflow/step.go:56.2,56.15 1 0
github.com/frantjc/sequence/workflow/step.go:51.16,53.3 1 0
github.com/frantjc/sequence/workflow/step.go:53.8,53.25 1 0
github.com/frantjc/sequence/workflow/step.go:53.25,55.3 1 0
github.com/frantjc/sequence/workflow/step.go:61.40,63.2 1 2
github.com/frantjc/sequence/workflow/step.go:66.38,68.2 1 4
github.com/frantjc/sequence/workflow/step.go:71.43,73.2 1 1
github.com/frantjc/sequence/workflow/step.go:77.40,78.51 1 0
github.com/frantjc/sequence/workflow/step.go:81.2,81.37 1 0
github.com/frantjc/sequence/workflow/step.go:84.2,84.16 1 0
github.com/frantjc/sequence/workflow/step.go:87.2,87.18 1 0
github.com/frantjc/sequence/workflow/step.go:90.2,90.19 1 0
github.com/frantjc/sequence/workflow/step.go:93.2,93.21 1 0
github.com/frantjc/sequence/workflow/step.go:96.2,96.36 1 0
github.com/frantjc/sequence/workflow/step.go:105.2,105.10 1 0
github.com/frantjc/sequence/workflow/step.go:78.51,80.3 1 0
github.com/frantjc/sequence/workflow/step.go:81.37,83.3 1 0
github.com/frantjc/sequence/workflow/step.go:84.16,86.3 1 0
github.com/frantjc/sequence/workflow/step.go:87.18,89.3 1 0
github.com/frantjc/sequence/workflow/step.go:90.19,92.3 1 0
github.com/frantjc/sequence/workflow/step.go:93.21,95.3 1 0
github.com/frantjc/sequence/workflow/step.go:96.36,97.20 1 0
github.com/frantjc/sequence/workflow/step.go:100.3,100.24 1 0
github.com/frantjc/sequence/workflow/step.go:97.20,99.4 1 0
github.com/frantjc/sequence/workflow/step.go:100.24,102.4 1 0
github.com/frantjc/sequence/workflow/step.go:110.48,111.19 1 0
github.com/frantjc/sequence/workflow/step.go:114.2,114.21 1 0
github.com/frantjc/sequence/workflow/step.go:117.2,117.22 1 0
github.com/frantjc/sequence/workflow/step.go:120.2,120.21 1 0
github.com/frantjc/sequence/workflow/step.go:123.2,123.36 1 0
github.com/frantjc/sequence/workflow/step.go:130.2,130.10 1 0
github.com/frantjc/sequence/workflow/step.go:111.19,113.3 1 0
github.com/frantjc/sequence/workflow/step.go:114.21,116.3 1 0
github.com/frantjc/sequence/workflow/step.go:117.22,119.3 1 0
github.com/frantjc/sequence/workflow/step.go:120.21,122.3 1 0
github.com/frantjc/sequence/workflow/step.go:123.36,124.20 1 0
github.com/frantjc/sequence/workflow/step.go:127.3,127.22 1 0
github.com/frantjc/sequence/workflow/step.go:124.20,126.4 1 0
github.com/frantjc/sequence/workflow/step.go:141.34,142.19 1 0
github.com/frantjc/sequence/workflow/step.go:153.2,153.10 1 0
github.com/frantjc/sequence/workflow/step.go:142.19,147.3 4 0
github.com/frantjc/sequence/workflow/step.go:147.8,147.25 1 0
github.com/frantjc/sequence/workflow/step.go:147.25,151.3 3 0
github.com/frantjc/sequence/workflow/step.go:158.50,160.16 2 0
github.com/frantjc/sequence/workflow/step.go:164.2,164.29 1 0
github.com/frantjc/sequence/workflow/step.go:160.16,162.3 1 0
github.com/frantjc/sequence/workflow/step.go:169.52,173.2 3 2
github.com/frantjc/sequence/workflow/step.go:177.78,178.22 1 0
github.com/frantjc/sequence/workflow/step.go:212.2,212.17 1 0
github.com/frantjc/sequence/workflow/step.go:179.56,181.46 2 0
github.com/frantjc/sequence/workflow/step.go:185.3,185.23 1 0
github.com/frantjc/sequence/workflow/step.go:194.31,195.51 1 0
github.com/frantjc/sequence/workflow/step.go:208.10,209.186 1 0
github.com/frantjc/sequence/workflow/step.go:181.46,183.4 1 0
github.com/frantjc/sequence/workflow/step.go:185.23,193.4 1 0
github.com/frantjc/sequence/workflow/step.go:195.51,197.60 2 0
github.com/frantjc/sequence/workflow/step.go:197.60,204.5 1 0
github.com/frantjc/sequence/workflow/step.go:205.9,207.4 1 0
github.com/frantjc/sequence/workflow/step.go:217.79,218.22 1 0
github.com/frantjc/sequence/workflow/step.go:253.2,253.17 1 0
github.com/frantjc/sequence/workflow/step.go:219.56,221.46 2 0
github.com/frantjc/sequence/workflow/step.go:225.3,225.24 1 0
github.com/frantjc/sequence/workflow/step.go:234.31,235.51 1 0
github.com/frantjc/sequence/workflow/step.go:249.10,250.186 1 0
github.com/frantjc/sequence/workflow/step.go:221.46,223.4 1 0
github.com/frantjc/sequence/workflow/step.go:225.24,233.4 1 0
github.com/frantjc/sequence/workflow/step.go:235.51,237.57 2 0
github.com/frantjc/sequence/workflow/step.go:237.57,245.5 1 0
github.com/frantjc/sequence/workflow/step.go:246.9,248.4 1 0
github.com/frantjc/sequence/workflow/step.go:258.79,259.22 1 0
github.com/frantjc/sequence/workflow/step.go:293.2,293.17 1 0
github.com/frantjc/sequence/workflow/step.go:260.56,262.46 2 0
github.com/frantjc/sequence/workflow/step.go:266.3,266.24 1 0
github.com/frantjc/sequence/workflow/step.go:275.31,276.51 1 0
github.com/frantjc/sequence/workflow/step.go:289.10,290.186 1 0
github.com/frantjc/sequence/workflow/step.go:262.46,264.4 1 0
github.com/frantjc/sequence/workflow/step.go:266.24,274.4 1 0
github.com/frantjc/sequence/workflow/step.go:276.51,278.61 2 0
github.com/frantjc/sequence/workflow/step.go:278.61,285.5 1 0
github.com/frantjc/sequence/workflow/step.go:286.9,288.4 1 0
github.com/frantjc/sequence/workflow/step.go:298.78,300.21 2 0
github.com/frantjc/sequence/workflow/step.go:337.2,337.19 1 0
github.com/frantjc/sequence/workflow/step.go:300.21,301.37 1 0
github.com/frantjc/sequence/workflow/step.go:301.37,313.4 1 0
github.com/frantjc/sequence/workflow/step.go:314.8,315.66 1 0
github.com/frantjc/sequence/workflow/step.go:321.3,321.68 1 0
github.com/frantjc/sequence/workflow/step.go:330.3,330.68 1 0
github.com/frantjc/sequence/workflow/step.go:315.66,317.4 1 0
github.com/frantjc/sequence/workflow/step.go:317.9,317.28 1 0
github.com/frantjc/sequence/workflow/step.go:317.28,319.4 1 0
github.com/frantjc/sequence/workflow/step.go:321.68,323.4 1 0
github.com/frantjc/sequence/workflow/step.go:323.9,323.29 1 0
github.com/frantjc/sequence/workflow/step.go:323.29,325.4 1 0
github.com/frantjc/sequence/workflow/step.go:325.9,328.4 1 0
github.com/frantjc/sequence/workflow/step.go:330.68,332.4 1 0
github.com/frantjc/sequence/workflow/step.go:332.9,332.29 1 0
github.com/frantjc/sequence/workflow/step.go:332.29,334.4 1 0
github.com/frantjc/sequence/workflow/step.go:349.46,351.2 1 0
github.com/frantjc/sequence/workflow/step_executor.go:10.66,29.27 2 0
github.com/frantjc/sequence/workflow/step_executor.go:35.2,35.16 1 0
github.com/frantjc/sequence/workflow/step_executor.go:29.27,30.33 1 0
github.com/frantjc/sequence/workflow/step_executor.go:30.33,32.4 1 0
github.com/frantjc/sequence/workflow/workflow_executor.go:5.74,7.2 1 0
github.com/frantjc/sequence/workflow/workflow_executor.go:16.61,18.38 1 0
github.com/frantjc/sequence/workflow/workflow_executor.go:28.2,28.12 1 0
github.com/frantjc/sequence/workflow/workflow_executor.go:18.38,19.60 1 0
github.com/frantjc/sequence/workflow/workflow_executor.go:19.60,21.4 1 0
github.com/frantjc/sequence/workflow/workflow_executor.go:21.9,22.39 1 0
github.com/frantjc/sequence/workflow/workflow_executor.go:22.39,24.5 1 0
